🛰️  F01 RECON — Listing des vidéos...
   📡 Mode: YouTube Data API v3
   → 128 vidéos trouvées

✍️  F02 SCRIBE — Extraction via yt-dlp (délai 3s)...
   [1/128] ✅ JO-QbhTZBcA | 644 seg | What If These Harry Potter Characters Were FRIENDS
   [2/128] ✅ q9U3i0kS25I | 566 seg | Why Are There No Wizard Scientists in Harry Potter
   [3/128] ✅ YnWLK-xux7Y | 508 seg | Can Voldemort Survive a Headshot?
   [4/128] ✅ L6U4DQBXXVg | 658 seg | All 24 MAJOR Harry Potter Characters The Movies Ne
   [5/128] ✅ tsSAzkxdAqA | 708 seg | What If Harry Potter Characters Were Sorted Into D
   [6/128] ✅ 9Z0EsmN-uks | 596 seg | All 28 ICONIC Harry Potter Scenes The Movies Got W
   [7/128] ✅ fh0NslWG45k | 649 seg | What Happens To EVERY Marriage After Hogwarts?
   [8/128] ✅ gngbcTuSbos | 455 seg | Why The Wizarding World NEVER Took Over The Muggle
   [9/128] ✅ VeKqTNNDMyA | 721 seg | All 10 Harry Potter ERAS Explained in Detail (1000
   [10/128] ✅ UHsSoylYIbQ | 675 seg | All 11 Legendary Wizarding Schools The Harry Potte
   [11/128] ✅ NHACP-N1T1E | 588 seg | All 26 Wand CORES and WOODS The Harry Potter Movie
   [12/128] ✅ -mNobk3-a3A | 625 seg | All 12 Legendary Artifacts The Harry Potter Movies
   [13/128] ✅ urMdTDGhklw | 534 seg | What Happens To EVERY Wizard After Hogwarts?
   [14/128] ✅ 6YZMDXzWhcM | 557 seg | What If Harry Potter Was Raised By a Different Fam
   [15/128] ✅ 5DrQGQRUJQU | 393 seg | All 12 Ways MUGGLES Could Have Killed Voldemort EX
   [16/128] ✅ ZZ3ToBllyj4 | 504 seg | What If All These Harry Potter Marriages Were TRUE
   [17/128] ✅ LOkA1liC7l0 | 497 seg | The FIRST Member of EVERY Family in Harry Potter E
   [18/128] ✅ 7SNRxECvm_k | 550 seg | What If These Harry Potter Characters NEVER Died?
   [19/128] ✅ CkNyA-V4-ME | 532 seg | All 18 Legendary Wizards The Harry Potter Movies N
   [20/128] ✅ EAdkD_ygirU | 535 seg | All 12 Snape WHAT IF Scenarios in Harry Potter EXP
   [21/128] ✅ c1s60l4SttM | 515 seg | The Childhood of EVERY Wizard in Harry Potter EXPL
   [22/128] ✅ DS_M9lQYsFw | 454 seg | All 10 MAJOR Events You Missed Before Harry Potter
   [23/128] ✅ z_WULuS3qs0 | 515 seg | All 21 NEW Wizards and Witches You Missed After Th
   [24/128] ✅ RN2FVgxu7ic | 461 seg | All 11 Most TRAGIC Childhoods in Harry Potter EXPL
   [25/128] ✅ WFqiZf9NZJo | 478 seg | All 12 RICHEST Wizards and Witches in Harry Potter
   [26/128] ✅ PExibbcsdnI | 463 seg | All 15 TRAGIC Masters of The Elder Wand EXPLAINED 
   [27/128] ✅ 4Px7yGs4CB4 | 413 seg | All 3 Black Sister Origins in Harry Potter EXPLAIN
   [28/128] ✅ P8Z5zPP4CKI | 506 seg | What Happened to EVERY Couple After The Deathly Ha
   [29/128] ✅ 9tO55XBU0nc | 443 seg | How the RICHEST Families in Harry Potter Got Rich 
   [30/128] ✅ Ry2oznDehKY | 436 seg | All 18 MAJOR Spells Used in The Deathly Hallows EX
   [31/128] ✅ e4BGgZ0DF1A | 345 seg | How Much Has Harry Potter Cost Hogwarts?
   [32/128] ✅ en3qvtPXtRE | 440 seg | The Lives of ALL 21 Weasleys in Harry Potter EXPLA
   [33/128] ✅ xNKnd9uC_18 | 484 seg | All 24 Legendary Magical Creatures in Harry Potter
   [34/128] ✅ OAxlIfc8Les | 438 seg | All 10 RICHEST Marriages in Harry Potter EXPLAINED
   [35/128] ✅ c3Qsj8FX6CM | 515 seg | All 24 MAJOR Events You Missed After The Deathly H
   [36/128] ✅ oM6stMxU_s8 | 397 seg | All 13 MAJOR Blacks in Harry Potter EXPLAINED in D
   [37/128] ✅ t2KX_hQEbNA | 556 seg | What If All These Harry Potter Scenarios Were TRUE
   [38/128] ✅ uMEMQuCZMIE | 322 seg | 16 CRAZY Harry Potter HBO Theories That Might Actu
   [39/128] ✅ RbtnjCMsn8s | 418 seg | The Lives of ALL 4 Marauders in Harry Potter EXPLA
   [40/128] ✅ yMUZkdNRBnI | 402 seg | All 4 Hogwarts Houses in Harry Potter EXPLAINED in
   [41/128] ✅ zhWSBgPxKts | 372 seg | All 8 Steps to Making a Wand in Harry Potter EXPLA
   [42/128] ✅ rzI1AMbhGbo | 471 seg | How EVERY Legendary Wizard and Witch Died EXPLAINE
   [43/128] ✅ jj2FoRWAGLk | 333 seg | ALL 3 Deathly Hallows in Harry Potter EXPLAINED in
   [44/128] ✅ R-nc_HIAPbk | 369 seg | The Lives of ALL 10 DARKEST Slytherins EXPLAINED i
   [45/128] ✅ h1T1J9oMlUQ | 442 seg | All 10 Muggle Wars That Affected The Wizarding Wor
   [46/128] ✅ 7wADpcYIO24 | 357 seg | All 10 Marriages After The Deathly Hallows EXPLAIN
   [47/128] ✅ cPocn1XK3l8 | 438 seg | All 12 Headmasters of Hogwarts EXPLAINED in Detail
   [48/128] ✅ spArr3SNWpA | 390 seg | The Lives of ALL 11 Potters in Harry Potter EXPLAI
   [49/128] ✅ 6H5KnFCq4Wk | 472 seg | What Happened to EVERY Wizard After The Deathly Ha
   [50/128] ✅ 4Guowc9M1ME | 427 seg | All 18 Legendary Artifacts in Harry Potter EXPLAIN
   [51/128] ✅ Uut3gU7XOkk | 416 seg | All 24 MAJOR Prisoners of Azkaban in Harry Potter 
   [52/128] ✅ guTnssWKsqA | 437 seg | The Lives of ALL 10 Malfoys in Harry Potter EXPLAI
   [53/128] ✅ M1hr_2HG1EM | 429 seg | All 18 Special & FORBIDDEN Books at Hogwarts EXPLA
   [54/128] ✅ hcelFmlVxfc | 346 seg | All 12 RICHEST Slytherins in Harry Potter EXPLAINE
   [55/128] ✅ 720X0G9hqwg | 671 seg | ALL Sacred Pure Blood Families in Harry Potter EXP
   [56/128] ✅ 9Utwf4tHg9A | 354 seg | All 10 MAJOR Events After The Deathly Hallows EXPL
   [57/128] ✅ 0nYegcRkkXw | 354 seg | All 11 Most Powerful AURORS in Harry Potter EXPLAI
   [58/128] ✅ Z2v5TLrq3L8 | 363 seg | All 15 Special & FORBIDDEN Wands in Harry Potter E
   [59/128] ✅ F6zTjVhjMCk | 416 seg | All 15 RICHEST Witches in Harry Potter EXPLAINED i
   [60/128] ✅ a86SNkFm4gU | 388 seg | All 14 OFFICIAL Spell Types in Harry Potter EXPLAI
   [61/128] ✅ YcjHJrjzcQY | 334 seg | All Future Wizards and Witches After Harry Potter 
   [62/128] ✅ KiiEapFEsrs | 516 seg | All 11 MAJOR Muggle Events That Affected The Wizar
   [63/128] ✅ jL4cYHtgn1k | 425 seg | All 18 Special & FORBIDDEN Wand CORES in Harry Pot
   [64/128] ✅ NcLmKMuO17A | 363 seg | All 18 SECRET Places in Hogwarts EXPLAINED in Deta
   [65/128] ✅ if2VyOC3Dt8 | 433 seg | All 12 RICHEST Wizarding Families in Harry Potter 
   [66/128] ✅ bpoESBSIsV4 | 358 seg | All 8 Steps to Get Into Hogwarts EXPLAINED in Deta
   [67/128] ✅ 16NTPeIn2xQ | 413 seg | All 11 Marvel Events That Affected The Wizarding W
   [68/128] ✅ CU-U5Et8BNM | 506 seg | All 12 Muggle Civilizations That Affected The Wiza
   [69/128] ✅ kcBZEkCcSY4 | 386 seg | All 11 Animal-Human Hybrids in Harry Potter EXPLAI
   [70/128] ✅ LacUoI-3qKo | 472 seg | All 11 Muggle Rulers That Affected The Wizarding W
   [71/128] ✅ 27QpvAUUO3s | 526 seg | Every Hidden Advantage Of Your Wand Wood and Core 
   [72/128] ✅ DCJtpjBokfA | 414 seg | All 11 Wizarding Afterlives in Harry Potter EXPLAI
   [73/128] ✅ PXBzL9e-c-M | 410 seg | All 22 Harry Potter Lessons To Make 2026 Your BEST
   [74/128] ✅ g1GFhYGywr8 | 337 seg | All 12 Types of Wandless Magic in Harry Potter EXP
   [75/128] ✅ cg03MDay5EY | 435 seg | The MOST Powerful Beings in ALL of Harry Potter EX
   [76/128] ✅ 4Op-rHJtPe4 | 356 seg | All 12 Muggle vs Wizard Christmas Differences EXPL
   [77/128] ✅ JfRtH2QVDpU | 371 seg | All 12 Wizarding Disasters That Affected The Muggl
   [78/128] ✅ pxEk0l82mkc | 348 seg | All 10 RICHEST Wizards and Witches in Harry Potter
   [79/128] ✅ 1-kUYxs0kz0 | 395 seg | Every HIDDEN ADVANTAGE of Your Hogwarts House EXPL
   [80/128] ✅ 2X-iZyo2AD0 | 437 seg | All 12 Muggle Events That Affected The Wizarding W
   [81/128] ✅ vqtbjdVva8k | 376 seg | All 12 DEADLIEST Inventions Fred and George Create
   [82/128] ✅ e80vuxfdzo0 | 477 seg | All 39 INCREDIBLE Easter Eggs You Totally Missed i
   [83/128] ✅ LVqUG11f6RE | 438 seg | All 18 Special & FORBIDDEN Spells in Harry Potter 
   [84/128] ✅ PRxMaZfgY40 | 354 seg | All 10 Defense Against The Dark Arts Teachers & Ho
   [85/128] ✅ 1g2I4F6YAaE | 403 seg | 11 SPELLS That Created MASSIVE Plot Holes in Harry
   [86/128] ✅ GjEZnhns8dA | 362 seg | The 7 Levels of FORBIDDEN Spells in Harry Potter
   [87/128] ✅ bcv2nImf-lw | 350 seg | 14 Most INSANE Unsolved Mysteries in Harry Potter 
   [88/128] ✅ g2hO50g5-Hs | 323 seg | ALL 11 CRAZY Things EVEN MAGIC Can’t Fix in Harry 
   [89/128] ✅ epHBPZeqiLA | 315 seg | The 7 Levels of Wizarding Schools in Harry Potter
   [90/128] ✅ 6lTw7xTatb8 | 349 seg | ALL 8 People VOLDEMORT Used to Create His Horcruxe
   [91/128] ✅ CxiZr_xv0EU | 325 seg | ALL 11 Secret Organizations in Harry Potter EXPLAI
   [92/128] ❌ eTPA8BNJMkw | 0 seg | Ilvermorny Wizarding School Origins & Houses EXPLA
   [93/128] ❌ KEM5ikUqH2g | 0 seg | ALL 5 Wizarding Wars in Harry Potter EXPLAINED in 
   [94/128] ❌ x0uGQ072EEA | 0 seg | The 6 Levels of MAGIC Sensitivity in Harry Potter
   [95/128] ❌ G2btBQeq5SA | 0 seg | Nagini’s Dark & TRAGIC Story (+ How She Met Voldem
   [96/128] ❌ 3buSfoVDj_0 | 0 seg | The 7 Levels of Magical Punishments in Harry Potte
   [97/128] ❌ AZLScafCqqI | 0 seg | The BIGGEST Plot Holes in Harry Potter EXPLAINED i
   [98/128] ❌ 0LtUA2EvBB4 | 0 seg | All 14 CONTROVERSIAL Masters of the Elder Wand EXP
   [99/128] ❌ jHf-vw1IcA0 | 0 seg | Most TERRIFYING Prisons & Their PUNISHMENTS in Har
   [100/128] ❌ 3LnnGGku6SQ | 0 seg | The 7 Levels of SPELLS in Harry Potter
   [101/128] ❌ rgAuR1EFLPw | 0 seg | Every OFFICIAL Wand WOOD and CORE in Harry Potter 
   [102/128] ❌ E9dp5KsBBA8 | 0 seg | Every HIDDEN Glitch in Harry Potter EXPLAINED in D
   [103/128] ❌ t_ohkRl_Uyw | 0 seg | The Most Forbidden Places in Harry Potter You’re N
   [104/128] ❌ VA_6iBvGmDM | 0 seg | Every IMPOSSIBLE Harry Potter Theory That Came TRU
   [105/128] ❌ zPPEaoqGHKQ | 0 seg | The Most HATED Bloodlines in Harry Potter EXPLAINE
   [106/128] ❌ et38ItrXfO8 | 0 seg | Every Level of MAGIC in Harry Potter EXPLAINED in 
   [107/128] ❌ 7vJGRyafbwA | 0 seg | Most Loved VS Most Hated Harry Potter Characters E
   [108/128] ❌ N7ohUggmilY | 0 seg | Every TRAITOR in Harry Potter Who Was Actually RIG
   [109/128] ❌ faVNxaXq-So | 0 seg | The Worst PUNISHMENTS in Harry Potter EXPLAINED in
   [110/128] ❌ fOrRZ8b9oWo | 0 seg | All 11 Wizarding Schools in Harry Potter EXPLAINED
   [111/128] ❌ 2liSklTSJj0 | 0 seg | The Most Unsolved Mysteries in Harry Potter EXPLAI
   [112/128] ❌ pzIzINs6RrI | 0 seg | Every Type of Potion in Harry Potter EXPLAINED in 
   [113/128] ❌ e0H4SfIFlZA | 0 seg | Every Magical JOB in Harry Potter EXPLAINED in Det
   [114/128] ❌ xWoI1UPYI_s | 0 seg | Every Type of ANCIENT Spell in Harry Potter EXPLAI
   [115/128] ❌ Rzn6Ra4kGIQ | 0 seg | Every Type of BLOODLINE in Harry Potter EXPLAINED 
   [116/128] ❌ bZy1MiHB6eE | 0 seg | Every CRAZY Harry Potter Theory That's Actually TR
   [117/128] ❌ sPq2n2Kl2R4 | 0 seg | The Most DANGEROUS Wands in Harry Potter EXPLAINED
   [118/128] ❌ smFPIg1__j0 | 0 seg | Every Type of DARK Spell in Harry Potter EXPLAINED
   [119/128] ❌ 1NtWc9Dv3Ss | 0 seg | Every DEADLY Spell in Harry Potter Explained In De
   [120/128] ❌ I4x1sduBWXY | 0 seg | Every Harry Potter Character The Movies Got WRONG 
   [121/128] ❌ g-erHQs6Rl4 | 0 seg | Every LEGENDARY Patronus Form in Harry Potter EXPL
   [122/128] ❌ kchZ3dXhApY | 0 seg | Every SPELL Used to Protect Hogwarts in Deathly Ha
   [123/128] ❌ c-5DOGbRaUE | 0 seg | Every MAGICAL Creature In Harry Potter EXPLAINED i
   [124/128] ❌ yZcF_uFGzvk | 0 seg | Every Wizarding SHOP in Harry Potter — Diagon Alle
   [125/128] ❌ qK-6BxM1xso | 0 seg | Every Potion In Harry Potter EXPLAINED in Detail
   [126/128] ❌ sIKlzWJp4cg | 0 seg | All 7 Dark & FORBIDDEN Spells SNAPE Created EXPLAI
   [127/128] ❌ rU0DwUYI7Bc | 0 seg | Every Wizarding PRISON in Harry Potter EXPLAINED i
   [128/128] ❌ rdKgHCog8Ok | 0 seg | Every Type of Spell in Harry Potter EXPLAINED In d

   → 91 OK, 37 échecs, 41048 segments

🔨 F03 FORGE — Export TXT...
   → /home/user/youtube-transcriber/exports/transcripts.txt (1524.96 KB)

✅ VICTORIA_AETERNA — Pipeline terminé
   91/128 transcripts | 41048 segments | 1524.96 KB
